GROUP,PACKAGE,CLASS,INSTRUCTION_MISSED,INSTRUCTION_COVERED,BRANCH_MISSED,BRANCH_COVERED,LINE_MISSED,LINE_COVERED,COMPLEXITY_MISSED,COMPLEXITY_COVERED,METHOD_MISSED,METHOD_COVERED
hw3,edu.cmu.cs214.hw3.utils,MockGameLoader,0,217,3,17,0,39,3,13,0,6
hw3,edu.cmu.cs214.hw3.utils,Direction,0,87,0,0,0,9,0,3,0,3
hw3,edu.cmu.cs214.hw3.utils,Action,0,57,0,0,0,18,0,7,0,7
hw3,edu.cmu.cs214.hw3.utils,WorkerType,0,21,0,0,0,2,0,1,0,1
hw3,edu.cmu.cs214.hw3.controller,Controller,340,0,30,0,77,0,23,0,8,0
hw3,edu.cmu.cs214.hw3.cards,Athena,44,0,6,0,11,0,7,0,4,0
hw3,edu.cmu.cs214.hw3.cards,Minotaur,111,0,12,0,19,0,10,0,4,0
hw3,edu.cmu.cs214.hw3.cards,Demeter,52,0,8,0,15,0,7,0,3,0
hw3,edu.cmu.cs214.hw3.cards,Pan,22,0,2,0,6,0,3,0,2,0
hw3,edu.cmu.cs214.hw3.cards,God,105,0,10,0,33,0,18,0,13,0
hw3,edu.cmu.cs214.hw3,Santorini,97,0,8,0,20,0,7,0,3,0
hw3,edu.cmu.cs214.hw3.models,Cell,30,71,11,7,4,20,8,12,1,10
hw3,edu.cmu.cs214.hw3.models,Board,0,103,2,14,0,17,2,9,0,3
hw3,edu.cmu.cs214.hw3.models,Player,33,74,5,7,10,20,7,9,4,6
hw3,edu.cmu.cs214.hw3.models,Worker,6,53,2,8,2,17,3,8,1,5
hw3,edu.cmu.cs214.hw3.models,Game,98,21,13,1,25,7,17,3,10,3
