GROUP,PACKAGE,CLASS,INSTRUCTION_MISSED,INSTRUCTION_COVERED,BRANCH_MISSED,BRANCH_COVERED,LINE_MISSED,LINE_COVERED,COMPLEXITY_MISSED,COMPLEXITY_COVERED,METHOD_MISSED,METHOD_COVERED
hw3,edu.cmu.cs214.hw3.utils,MockGameLoader,0,217,3,17,0,39,3,13,0,6
hw3,edu.cmu.cs214.hw3.utils,Direction,0,87,0,0,0,9,0,3,0,3
hw3,edu.cmu.cs214.hw3.utils,ConfigureMetadata,109,0,8,0,18,0,10,0,6,0
hw3,edu.cmu.cs214.hw3.utils,Action,0,57,0,0,0,18,0,7,0,7
hw3,edu.cmu.cs214.hw3.utils,WorkerType,0,21,0,0,0,2,0,1,0,1
hw3,edu.cmu.cs214.hw3.controller,Controller,421,0,46,0,95,0,31,0,8,0
hw3,edu.cmu.cs214.hw3.cards,Athena,44,0,6,0,11,0,7,0,4,0
hw3,edu.cmu.cs214.hw3.cards,Minotaur,111,0,12,0,19,0,10,0,4,0
hw3,edu.cmu.cs214.hw3.cards,Demeter,52,0,8,0,15,0,7,0,3,0
hw3,edu.cmu.cs214.hw3.cards,Pan,22,0,2,0,6,0,3,0,2,0
hw3,edu.cmu.cs214.hw3.cards,God,105,0,10,0,33,0,18,0,13,0
hw3,edu.cmu.cs214.hw3,Santorini,72,0,6,0,16,0,6,0,3,0
hw3,edu.cmu.cs214.hw3.models,Cell,112,0,18,0,29,0,23,0,14,0
hw3,edu.cmu.cs214.hw3.models,Board,106,0,16,0,18,0,12,0,4,0
hw3,edu.cmu.cs214.hw3.models,Player,33,74,5,7,10,20,7,9,4,6
hw3,edu.cmu.cs214.hw3.models,Worker,59,0,10,0,19,0,11,0,6,0
hw3,edu.cmu.cs214.hw3.models,Game,98,21,13,1,25,7,17,3,10,3
