<?xml version="1.0" encoding="UTF-8" standalone="yes"?><!DOCTYPE report PUBLIC "-//JACOCO//DTD Report 1.1//EN" "report.dtd"><report name="hw3"><sessioninfo id="LAPTOP-LTHN5BNH-6a9dbda9" start="1632601584512" dump="1632601585061"/><sessioninfo id="LAPTOP-LTHN5BNH-5ab9655a" start="1632601596450" dump="1632601596930"/><sessioninfo id="LAPTOP-LTHN5BNH-2f574a00" start="1632601669622" dump="1632601670097"/><sessioninfo id="LAPTOP-LTHN5BNH-1eeecc9" start="1632606803244" dump="1632606803711"/><sessioninfo id="LAPTOP-LTHN5BNH-f1636c8a" start="1632607017329" dump="1632607017888"/><sessioninfo id="LAPTOP-LTHN5BNH-a7b08dcb" start="1632607092271" dump="1632607092706"/><sessioninfo id="LAPTOP-LTHN5BNH-e6a7e756" start="1632608050187" dump="1632608050777"/><sessioninfo id="LAPTOP-LTHN5BNH-d9aaa480" start="1632608105379" dump="1632608105782"/><sessioninfo id="LAPTOP-LTHN5BNH-cf1b3c2" start="1632608130356" dump="1632608130807"/><sessioninfo id="LAPTOP-LTHN5BNH-27e12bb8" start="1632608217031" dump="1632608217625"/><sessioninfo id="LAPTOP-LTHN5BNH-349e9a75" start="1632614291920" dump="1632614292264"/><sessioninfo id="LAPTOP-LTHN5BNH-4d7d370a" start="1632614387744" dump="1632614388093"/><sessioninfo id="LAPTOP-LTHN5BNH-7845922b" start="1632616578727" dump="1632616579057"/><sessioninfo id="LAPTOP-LTHN5BNH-beca46b0" start="1632617840784" dump="1632617841279"/><sessioninfo id="LAPTOP-LTHN5BNH-33544dda" start="1632621952514" dump="1632621953050"/><sessioninfo id="LAPTOP-LTHN5BNH-177da973" start="1632622022389" dump="1632622022869"/><sessioninfo id="LAPTOP-LTHN5BNH-ee89a64f" start="1632629796314" dump="1632629796972"/><sessioninfo id="LAPTOP-LTHN5BNH-fd629669" start="1632630092684" dump="1632630093439"/><sessioninfo id="LAPTOP-LTHN5BNH-54b41ac4" start="1632666447721" dump="1632666448235"/><sessioninfo id="LAPTOP-LTHN5BNH-c4918162" start="1632666668052" dump="1632666668396"/><sessioninfo id="LAPTOP-LTHN5BNH-6e667640" start="1632666937383" dump="1632666937772"/><sessioninfo id="LAPTOP-LTHN5BNH-2a6f5950" start="1632675832453" dump="1632675832824"/><sessioninfo id="LAPTOP-LTHN5BNH-3d93a6c0" start="1632675840544" dump="1632675840919"/><sessioninfo id="LAPTOP-LTHN5BNH-1ec63c64" start="1632676026609" dump="1632676026967"/><sessioninfo id="LAPTOP-LTHN5BNH-b7008db8" start="1632676031719" dump="1632676032267"/><sessioninfo id="LAPTOP-LTHN5BNH-b4f74053" start="1632676210489" dump="1632676210834"/><sessioninfo id="LAPTOP-LTHN5BNH-e31e6bb0" start="1632676212941" dump="1632676213786"/><sessioninfo id="LAPTOP-LTHN5BNH-6718fda9" start="1632677382651" dump="1632677383086"/><sessioninfo id="LAPTOP-LTHN5BNH-48a18055" start="1632677581387" dump="1632677581736"/><sessioninfo id="LAPTOP-LTHN5BNH-f26a2fd2" start="1632677595919" dump="1632677596273"/><sessioninfo id="LAPTOP-LTHN5BNH-5f704090" start="1632677602554" dump="1632677603024"/><sessioninfo id="LAPTOP-LTHN5BNH-deeb50c1" start="1632677605491" dump="1632677606358"/><sessioninfo id="LAPTOP-LTHN5BNH-3280a7b8" start="1632677680921" dump="1632677681290"/><sessioninfo id="LAPTOP-LTHN5BNH-6bffb793" start="1632688604547" dump="1632688604960"/><sessioninfo id="LAPTOP-LTHN5BNH-e4c0080d" start="1632688816019" dump="1632688816377"/><sessioninfo id="LAPTOP-LTHN5BNH-952e0962" start="1632750701597" dump="1632750702167"/><sessioninfo id="LAPTOP-LTHN5BNH-6ca150b3" start="1632750827901" dump="1632750828283"/><sessioninfo id="LAPTOP-LTHN5BNH-fb8e3004" start="1632750890891" dump="1632750891259"/><sessioninfo id="LAPTOP-LTHN5BNH-88cc28f8" start="1632763457655" dump="1632763458203"/><sessioninfo id="LAPTOP-LTHN5BNH-41eda645" start="1632763490707" dump="1632763491122"/><sessioninfo id="LAPTOP-LTHN5BNH-cfa8bf43" start="1632763784706" dump="1632763785246"/><sessioninfo id="LAPTOP-LTHN5BNH-55c6fd0d" start="1632779109779" dump="1632779110455"/></report>