<?xml version="1.0" encoding="UTF-8"?>
<testsuite xmlns:xsi="http://www.w3.org/2001/XMLSchema-instance" xsi:noNamespaceSchemaLocation="https://maven.apache.org/surefire/maven-failsafe-plugin/xsd/failsafe-test-report-3.0.xsd" version="3.0" name="edu.cmu.cs214.hw3.SantoriniSetupIT" time="0.006" tests="4" errors="0" skipped="0" failures="0">
  <properties>
[...]
</properties>
  <testcase name="testGameWithCorrectSetup" classname="edu.cmu.cs214.hw3.SantoriniSetupIT" time="0"/>
  <testcase name="testGameSetupWithFewerPlayer" classname="edu.cmu.cs214.hw3.SantoriniSetupIT" time="0"/>
  <testcase name="testGameSetupWithFewerWorker" classname="edu.cmu.cs214.hw3.SantoriniSetupIT" time="0"/>
  <testcase name="testGameSetupWithWorkerConflict" classname="edu.cmu.cs214.hw3.SantoriniSetupIT" time="0"/>
</testsuite>